<?xml version="1.0" encoding="UTF-8"?>
<!-- Generated by org.testng.reporters.JUnitXMLReporter -->
<testsuite hostname="admin-PC" ignored="0" name="Default test" tests="2" failures="0" timestamp="27 六月 2018 03:52:04 GMT" time="0.465" errors="0">
  <testcase name="TestGetCookies" time="0.427" classname="com.course.chapter.httpClient.MyCookiesForGet"/>
  <testcase name="testGetWithCookies" time="0.011" classname="com.course.chapter.httpClient.MyCookiesForGet"/>
</testsuite> <!-- Default test -->
