<?xml version="1.0" encoding="UTF-8"?>
<!-- Generated by org.testng.reporters.JUnitXMLReporter -->
<testsuite hostname="admin-PC" ignored="0" name="Default test" tests="7" failures="0" timestamp="15 六月 2018 03:17:13 GMT" time="0.039" errors="0">
  <testcase name="test1" time="0.006" classname="com.course.testng.param.DataProviderTest"/>
  <testcase name="test1" time="0.002" classname="com.course.testng.param.DataProviderTest"/>
  <testcase name="test2" time="0.001" classname="com.course.testng.param.DataProviderTest"/>
  <testcase name="test2" time="0.001" classname="com.course.testng.param.DataProviderTest"/>
  <testcase name="testDataProvider" time="0.0" classname="com.course.testng.param.DataProviderTest"/>
  <testcase name="testDataProvider" time="0.001" classname="com.course.testng.param.DataProviderTest"/>
  <testcase name="testDataProvider" time="0.001" classname="com.course.testng.param.DataProviderTest"/>
</testsuite> <!-- Default test -->
