<?xml version="1.0" encoding="UTF-8"?>
<testng-results skipped="0" failed="0" ignored="0" total="2" passed="2">
  <reporter-output>
  </reporter-output>
  <suite name="Default suite" duration-ms="465" started-at="2018-06-27T03:52:04Z" finished-at="2018-06-27T03:52:04Z">
    <groups>
    </groups>
    <test name="Default test" duration-ms="465" started-at="2018-06-27T03:52:04Z" finished-at="2018-06-27T03:52:04Z">
      <class name="com.course.chapter.httpClient.MyCookiesForGet">
        <test-method status="PASS" signature="beforeTest()[pri:0, instance:com.course.chapter.httpClient.MyCookiesForGet@210366b4]" name="beforeTest" is-config="true" duration-ms="11" started-at="2018-06-27T03:52:04Z" finished-at="2018-06-27T03:52:04Z">
          <reporter-output>
          </reporter-output>
        </test-method> <!-- beforeTest -->
        <test-method status="PASS" signature="TestGetCookies()[pri:0, instance:com.course.chapter.httpClient.MyCookiesForGet@210366b4]" name="TestGetCookies" duration-ms="427" started-at="2018-06-27T03:52:04Z" finished-at="2018-06-27T03:52:04Z">
          <reporter-output>
          </reporter-output>
        </test-method> <!-- TestGetCookies -->
        <test-method status="PASS" signature="testGetWithCookies()[pri:0, instance:com.course.chapter.httpClient.MyCookiesForGet@210366b4]" name="testGetWithCookies" duration-ms="11" started-at="2018-06-27T03:52:04Z" depends-on-methods="com.course.chapter.httpClient.MyCookiesForGet.TestGetCookies" finished-at="2018-06-27T03:52:04Z">
          <reporter-output>
          </reporter-output>
        </test-method> <!-- testGetWithCookies -->
      </class> <!-- com.course.chapter.httpClient.MyCookiesForGet -->
    </test> <!-- Default test -->
  </suite> <!-- Default suite -->
</testng-results>
